2023-08-14 09:28:48.242 [info] Extension host with pid 2347 started
2023-08-14 09:28:48.264 [info] ExtensionService#_doActivateExtension vscode.git-base, startup: true, activationEvent: '*'
2023-08-14 09:28:48.692 [info] Lock '/home/training/.vscode-server/data/User/workspaceStorage/dc7e649e06225dd1aa380f3dcf8c194a/vscode.lock': Lock acquired.
2023-08-14 09:28:48.699 [info] ExtensionService#_doActivateExtension vscode.github, startup: true, activationEvent: '*'
2023-08-14 09:28:48.728 [info] Eager extensions activated
2023-08-14 09:28:48.728 [info] ExtensionService#_doActivateExtension vscode.debug-auto-launch, startup: false, activationEvent: 'onStartupFinished'
2023-08-14 09:28:48.728 [info] ExtensionService#_doActivateExtension vscode.merge-conflict, startup: false, activationEvent: 'onStartupFinished'
2023-08-14 09:28:51.223 [info] ExtensionService#_doActivateExtension vscode.git, startup: false, activationEvent: 'api', root cause: vscode.github
2023-08-14 09:32:36.317 [info] ExtensionService#_doActivateExtension vscode.extension-editing, startup: false, activationEvent: 'onLanguage:json'
2023-08-14 09:32:36.318 [info] ExtensionService#_doActivateExtension vscode.json-language-features, startup: false, activationEvent: 'onLanguage:json'
2023-08-14 09:32:36.318 [info] ExtensionService#_doActivateExtension vscode.npm, startup: false, activationEvent: 'onLanguage:json'
2023-08-14 09:32:36.318 [info] ExtensionService#_doActivateExtension vscode.emmet, startup: false, activationEvent: 'onLanguage'
2023-08-14 09:35:08.602 [info] ExtensionService#_doActivateExtension vscode.php-language-features, startup: false, activationEvent: 'onLanguage:php'
2023-08-14 09:57:35.172 [warning] [Decorations] CAPPING events from decorations provider vscode.git 1737
2023-08-14 09:57:35.224 [warning] [Decorations] CAPPING events from decorations provider vscode.git 1737
2023-08-14 09:57:38.256 [warning] [Decorations] CAPPING events from decorations provider vscode.git 1737
2023-08-14 09:57:43.288 [warning] [Decorations] CAPPING events from decorations provider vscode.git 1737
2023-08-14 09:57:48.322 [warning] [Decorations] CAPPING events from decorations provider vscode.git 1737
2023-08-14 09:57:53.359 [warning] [Decorations] CAPPING events from decorations provider vscode.git 1737
2023-08-14 09:57:58.396 [warning] [Decorations] CAPPING events from decorations provider vscode.git 1737
2023-08-14 09:58:03.430 [warning] [Decorations] CAPPING events from decorations provider vscode.git 1737
2023-08-14 09:58:22.780 [warning] [Decorations] CAPPING events from decorations provider vscode.git 1737
2023-08-14 09:58:27.813 [warning] [Decorations] CAPPING events from decorations provider vscode.git 1737
2023-08-14 09:58:32.842 [warning] [Decorations] CAPPING events from decorations provider vscode.git 1737
2023-08-14 09:58:39.297 [warning] [Decorations] CAPPING events from decorations provider vscode.git 1737
2023-08-14 09:58:46.296 [warning] [Decorations] CAPPING events from decorations provider vscode.git 1737
2023-08-14 09:58:51.333 [warning] [Decorations] CAPPING events from decorations provider vscode.git 1737
2023-08-14 09:58:56.358 [warning] [Decorations] CAPPING events from decorations provider vscode.git 1737
2023-08-14 09:59:01.388 [warning] [Decorations] CAPPING events from decorations provider vscode.git 1737
2023-08-14 09:59:06.426 [warning] [Decorations] CAPPING events from decorations provider vscode.git 1737
2023-08-14 09:59:11.464 [warning] [Decorations] CAPPING events from decorations provider vscode.git 1737
2023-08-14 09:59:16.488 [warning] [Decorations] CAPPING events from decorations provider vscode.git 1737
2023-08-14 09:59:21.515 [warning] [Decorations] CAPPING events from decorations provider vscode.git 1737
2023-08-14 09:59:26.549 [warning] [Decorations] CAPPING events from decorations provider vscode.git 1737
2023-08-14 09:59:31.578 [warning] [Decorations] CAPPING events from decorations provider vscode.git 1737
2023-08-14 09:59:36.604 [warning] [Decorations] CAPPING events from decorations provider vscode.git 1737
2023-08-14 09:59:41.640 [warning] [Decorations] CAPPING events from decorations provider vscode.git 1737
2023-08-14 09:59:46.738 [warning] [Decorations] CAPPING events from decorations provider vscode.git 1738
2023-08-14 09:59:51.771 [warning] [Decorations] CAPPING events from decorations provider vscode.git 1738
2023-08-14 09:59:56.812 [warning] [Decorations] CAPPING events from decorations provider vscode.git 1738
2023-08-14 10:00:01.850 [warning] [Decorations] CAPPING events from decorations provider vscode.git 1738
2023-08-14 10:00:06.889 [warning] [Decorations] CAPPING events from decorations provider vscode.git 1738
2023-08-14 10:00:11.922 [warning] [Decorations] CAPPING events from decorations provider vscode.git 1738
2023-08-14 10:00:16.957 [warning] [Decorations] CAPPING events from decorations provider vscode.git 1738
2023-08-14 10:00:21.995 [warning] [Decorations] CAPPING events from decorations provider vscode.git 1738
2023-08-14 10:00:27.380 [warning] [Decorations] CAPPING events from decorations provider vscode.git 1738
2023-08-14 10:00:32.420 [warning] [Decorations] CAPPING events from decorations provider vscode.git 1738
2023-08-14 10:00:37.463 [warning] [Decorations] CAPPING events from decorations provider vscode.git 1738
2023-08-14 10:00:42.502 [warning] [Decorations] CAPPING events from decorations provider vscode.git 1738
2023-08-14 10:00:47.539 [warning] [Decorations] CAPPING events from decorations provider vscode.git 1738
2023-08-14 10:00:52.577 [warning] [Decorations] CAPPING events from decorations provider vscode.git 1738
2023-08-14 10:00:57.608 [warning] [Decorations] CAPPING events from decorations provider vscode.git 1738
2023-08-14 10:01:04.395 [warning] [Decorations] CAPPING events from decorations provider vscode.git 1738
2023-08-14 10:01:09.436 [warning] [Decorations] CAPPING events from decorations provider vscode.git 1738
2023-08-14 10:01:14.471 [warning] [Decorations] CAPPING events from decorations provider vscode.git 1738
2023-08-14 10:01:19.500 [warning] [Decorations] CAPPING events from decorations provider vscode.git 1738
2023-08-14 10:01:26.587 [warning] [Decorations] CAPPING events from decorations provider vscode.git 1738
2023-08-14 10:01:31.620 [warning] [Decorations] CAPPING events from decorations provider vscode.git 1738
2023-08-14 10:01:36.650 [warning] [Decorations] CAPPING events from decorations provider vscode.git 1738
2023-08-14 10:01:41.681 [warning] [Decorations] CAPPING events from decorations provider vscode.git 1738
2023-08-14 10:01:46.711 [warning] [Decorations] CAPPING events from decorations provider vscode.git 1738
2023-08-14 10:01:51.748 [warning] [Decorations] CAPPING events from decorations provider vscode.git 1738
2023-08-14 10:01:56.783 [warning] [Decorations] CAPPING events from decorations provider vscode.git 1738
