[Info  - 9:04:02 AM] Initialising intelephense 1.9.5
[Info  - 9:04:03 AM] Initialised in 7 ms
[Info  - 9:04:03 AM] Environment changed. Refreshing 19 in memory documents.
[Info  - 9:04:03 AM] Searching file:///home/training/.vscode-server/extensions/bmewburn.vscode-intelephense-client-1.9.5/node_modules/intelephense/lib/stub for files to index.
[Info  - 9:04:03 AM] Searching file:///home/training for files to index.
[Warn  - 9:04:04 AM] file:///home/training/agus-app/vendor/fakerphp/faker/src/Faker/Provider/nl_BE/Text.php is over the maximum file size of 1000000 bytes.
[Warn  - 9:04:04 AM] file:///home/training/agusss/vendor/fakerphp/faker/src/Faker/Provider/nl_BE/Text.php is over the maximum file size of 1000000 bytes.
[Info  - 9:04:04 AM] Indexing started.
[Info  - 9:04:21 AM] Indexing ended. 14417 files indexed in 16s.
[Info  - 9:04:21 AM] Writing state to /home/training/.vscode-server/data/User/workspaceStorage/dc7e649e06225dd1aa380f3dcf8c194a/bmewburn.vscode-intelephense-client/287653d6.
[Info  - 9:04:22 AM] Wrote state in 0.9s.
[Info  - 9:07:15 AM] Indexing started.
[Info  - 9:07:15 AM] Indexing ended. 1 files indexed in 0s.
[Info  - 9:07:55 AM] Indexing started.
[Info  - 9:07:55 AM] Indexing ended. 1 files indexed in 0s.
[Info  - 9:08:07 AM] Indexing started.
[Info  - 9:08:07 AM] Indexing ended. 1 files indexed in 0s.
[Info  - 9:09:46 AM] Indexing started.
[Info  - 9:09:47 AM] Indexing ended. 3 files indexed in 0s.
[Info  - 10:16:17 AM] Indexing started.
[Info  - 10:16:17 AM] Indexing ended. 1 files indexed in 0s.
[Info  - 10:16:56 AM] Indexing started.
[Info  - 10:16:56 AM] Indexing ended. 1 files indexed in 0s.
[Info  - 10:16:59 AM] Indexing started.
[Info  - 10:16:59 AM] Indexing ended. 1 files indexed in 0s.
[Info  - 10:19:33 AM] Indexing started.
[Info  - 10:19:33 AM] Indexing ended. 1 files indexed in 0s.
[Info  - 10:19:42 AM] Indexing started.
[Info  - 10:19:43 AM] Indexing ended. 1 files indexed in 0s.
[Info  - 10:19:53 AM] Indexing started.
[Info  - 10:19:53 AM] Indexing ended. 1 files indexed in 0s.
[Info  - 10:21:48 AM] Indexing started.
[Info  - 10:21:49 AM] Indexing ended. 1 files indexed in 0s.
[Info  - 10:22:00 AM] Indexing started.
[Info  - 10:22:00 AM] Indexing ended. 1 files indexed in 0s.
[Info  - 10:59:25 AM] Indexing started.
[Info  - 10:59:25 AM] Indexing ended. 1 files indexed in 0s.
[Info  - 11:02:37 AM] Indexing started.
[Info  - 11:02:37 AM] Indexing ended. 1 files indexed in 0s.
[Info  - 11:09:42 AM] Indexing started.
[Info  - 11:09:43 AM] Indexing ended. 5 files indexed in 0s.
[Info  - 11:28:29 AM] Indexing started.
[Info  - 11:28:29 AM] Indexing ended. 1 files indexed in 0s.
[Info  - 11:30:00 AM] Indexing started.
[Info  - 11:30:00 AM] Indexing ended. 1 files indexed in 0s.
[Info  - 11:32:14 AM] Indexing started.
[Info  - 11:32:14 AM] Indexing ended. 1 files indexed in 0s.
[Info  - 11:32:49 AM] Indexing started.
[Info  - 11:32:50 AM] Indexing ended. 3 files indexed in 0s.
[Info  - 2:01:33 PM] Indexing started.
[Info  - 2:01:33 PM] Indexing ended. 1 files indexed in 0s.
[Info  - 2:02:10 PM] Indexing started.
[Info  - 2:02:10 PM] Indexing ended. 1 files indexed in 0s.
[Info  - 2:02:34 PM] Indexing started.
[Info  - 2:02:34 PM] Indexing ended. 2 files indexed in 0s.
[Info  - 2:02:44 PM] Indexing started.
[Info  - 2:02:45 PM] Indexing ended. 1 files indexed in 0s.
[Info  - 2:05:36 PM] Indexing started.
[Info  - 2:05:36 PM] Indexing ended. 1 files indexed in 0s.
[Info  - 2:05:38 PM] Indexing started.
[Info  - 2:05:38 PM] Indexing ended. 1 files indexed in 0s.
[Info  - 2:05:39 PM] Indexing started.
[Info  - 2:05:40 PM] Indexing ended. 1 files indexed in 0s.
[Info  - 2:05:57 PM] Indexing started.
[Info  - 2:05:57 PM] Indexing ended. 2 files indexed in 0s.
[Info  - 2:06:20 PM] Indexing started.
[Info  - 2:06:20 PM] Indexing ended. 2 files indexed in 0s.
[Info  - 2:06:44 PM] Indexing started.
[Info  - 2:06:44 PM] Indexing ended. 2 files indexed in 0s.
[Info  - 2:07:00 PM] Indexing started.
[Info  - 2:07:00 PM] Indexing ended. 1 files indexed in 0s.
[Info  - 2:07:29 PM] Indexing started.
[Info  - 2:07:29 PM] Indexing ended. 1 files indexed in 0s.
[Info  - 2:07:51 PM] Indexing started.
[Info  - 2:07:51 PM] Indexing ended. 4 files indexed in 0s.
[Info  - 2:17:42 PM] Indexing started.
[Info  - 2:17:42 PM] Indexing ended. 1 files indexed in 0s.
[Info  - 2:18:20 PM] Indexing started.
[Info  - 2:18:21 PM] Indexing ended. 1 files indexed in 0s.
[Info  - 2:19:45 PM] Indexing started.
[Info  - 2:19:46 PM] Indexing ended. 1 files indexed in 0s.
[Info  - 2:19:58 PM] Indexing started.
[Info  - 2:19:58 PM] Indexing ended. 1 files indexed in 0s.
[Info  - 2:20:23 PM] Indexing started.
[Info  - 2:20:24 PM] Indexing ended. 1 files indexed in 0s.
[Info  - 2:20:46 PM] Indexing started.
[Info  - 2:20:46 PM] Indexing ended. 1 files indexed in 0s.
[Info  - 2:21:35 PM] Indexing started.
[Info  - 2:21:35 PM] Indexing ended. 1 files indexed in 0s.
[Info  - 2:22:01 PM] Indexing started.
[Info  - 2:22:01 PM] Indexing ended. 4 files indexed in 0s.
[Info  - 2:32:32 PM] Indexing started.
[Info  - 2:32:33 PM] Indexing ended. 1 files indexed in 0s.
[Info  - 2:32:47 PM] Indexing started.
[Info  - 2:32:48 PM] Indexing ended. 1 files indexed in 0s.
[Info  - 2:33:34 PM] Indexing started.
[Info  - 2:33:34 PM] Indexing ended. 1 files indexed in 0s.
[Info  - 2:33:44 PM] Indexing started.
[Info  - 2:33:44 PM] Indexing ended. 2 files indexed in 0s.
[Info  - 2:37:51 PM] Indexing started.
[Info  - 2:37:51 PM] Indexing ended. 1 files indexed in 0s.
[Info  - 2:38:05 PM] Indexing started.
[Info  - 2:38:05 PM] Indexing ended. 1 files indexed in 0s.
[Info  - 2:38:47 PM] Indexing started.
[Info  - 2:38:48 PM] Indexing ended. 1 files indexed in 0s.
[Info  - 2:38:53 PM] Indexing started.
[Info  - 2:38:53 PM] Indexing ended. 1 files indexed in 0s.
[Info  - 2:45:40 PM] Indexing started.
[Info  - 2:45:41 PM] Indexing ended. 1 files indexed in 0s.
[Info  - 2:59:01 PM] Indexing started.
[Info  - 2:59:01 PM] Indexing ended. 1 files indexed in 0s.
[Info  - 3:03:23 PM] Indexing started.
[Info  - 3:03:23 PM] Indexing ended. 1 files indexed in 0s.
[Info  - 3:05:14 PM] Indexing started.
[Info  - 3:05:15 PM] Indexing ended. 1 files indexed in 0s.
[Info  - 3:05:25 PM] Indexing started.
[Info  - 3:05:25 PM] Indexing ended. 1 files indexed in 0s.
[Info  - 3:05:32 PM] Indexing started.
[Info  - 3:05:32 PM] Indexing ended. 1 files indexed in 0s.
[Info  - 3:05:40 PM] Indexing started.
[Info  - 3:05:40 PM] Indexing ended. 1 files indexed in 0s.
[Info  - 3:05:47 PM] Indexing started.
[Info  - 3:05:47 PM] Indexing ended. 1 files indexed in 0s.
[Info  - 3:05:57 PM] Indexing started.
[Info  - 3:05:58 PM] Indexing ended. 2 files indexed in 0s.
[Info  - 3:06:24 PM] Indexing started.
[Info  - 3:06:24 PM] Indexing ended. 1 files indexed in 0s.
[Info  - 3:06:47 PM] Indexing started.
[Info  - 3:06:47 PM] Indexing ended. 1 files indexed in 0s.
[Info  - 3:06:49 PM] Indexing started.
[Info  - 3:06:49 PM] Indexing ended. 1 files indexed in 0s.
[Info  - 3:07:33 PM] Indexing started.
[Info  - 3:07:33 PM] Indexing ended. 1 files indexed in 0s.
[Info  - 3:07:41 PM] Indexing started.
[Info  - 3:07:41 PM] Indexing ended. 1 files indexed in 0s.
[Info  - 3:08:37 PM] Indexing started.
[Info  - 3:08:37 PM] Indexing ended. 1 files indexed in 0s.
[Info  - 3:08:45 PM] Indexing started.
[Info  - 3:08:45 PM] Indexing ended. 1 files indexed in 0s.
[Info  - 3:08:55 PM] Indexing started.
[Info  - 3:08:55 PM] Indexing ended. 1 files indexed in 0s.
[Info  - 3:09:11 PM] Indexing started.
[Info  - 3:09:11 PM] Indexing ended. 1 files indexed in 0s.
[Info  - 3:09:14 PM] Indexing started.
[Info  - 3:09:15 PM] Indexing ended. 2 files indexed in 0s.
[Info  - 3:09:32 PM] Indexing started.
[Info  - 3:09:32 PM] Indexing ended. 1 files indexed in 0s.
[Info  - 3:09:35 PM] Indexing started.
[Info  - 3:09:35 PM] Indexing ended. 1 files indexed in 0s.
[Info  - 3:10:15 PM] Indexing started.
[Info  - 3:10:16 PM] Indexing ended. 1 files indexed in 0s.
[Info  - 3:10:19 PM] Indexing started.
[Info  - 3:10:19 PM] Indexing ended. 2 files indexed in 0s.
[Info  - 3:10:24 PM] Indexing started.
[Info  - 3:10:24 PM] Indexing ended. 1 files indexed in 0s.
[Info  - 3:10:27 PM] Indexing started.
[Info  - 3:10:27 PM] Indexing ended. 1 files indexed in 0s.
[Info  - 3:10:57 PM] Indexing started.
[Info  - 3:10:57 PM] Indexing ended. 1 files indexed in 0s.
[Info  - 3:11:06 PM] Indexing started.
[Info  - 3:11:06 PM] Indexing ended. 1 files indexed in 0s.
[Info  - 3:11:22 PM] Indexing started.
[Info  - 3:11:22 PM] Indexing ended. 1 files indexed in 0s.
[Info  - 3:13:21 PM] Indexing started.
[Info  - 3:13:21 PM] Indexing ended. 1 files indexed in 0s.
[Info  - 3:13:24 PM] Indexing started.
[Info  - 3:13:24 PM] Indexing ended. 2 files indexed in 0s.
[Info  - 3:16:13 PM] Indexing started.
[Info  - 3:16:13 PM] Indexing ended. 1 files indexed in 0s.
[Info  - 3:19:47 PM] Indexing started.
[Info  - 3:19:48 PM] Indexing ended. 1 files indexed in 0s.
[Info  - 3:20:01 PM] Indexing started.
[Info  - 3:20:01 PM] Indexing ended. 1 files indexed in 0s.
[Info  - 3:21:10 PM] Indexing started.
[Info  - 3:21:10 PM] Indexing ended. 1 files indexed in 0s.
[Info  - 3:21:11 PM] Indexing started.
[Info  - 3:21:11 PM] Indexing ended. 1 files indexed in 0s.
[Info  - 3:21:20 PM] Indexing started.
[Info  - 3:21:20 PM] Indexing ended. 1 files indexed in 0s.
[Info  - 3:21:55 PM] Indexing started.
[Info  - 3:21:55 PM] Indexing ended. 1 files indexed in 0s.
[Info  - 3:21:56 PM] Indexing started.
[Info  - 3:21:57 PM] Indexing ended. 4 files indexed in 0s.
[Info  - 3:22:13 PM] Indexing started.
[Info  - 3:22:13 PM] Indexing ended. 1 files indexed in 0s.
[Info  - 3:22:15 PM] Indexing started.
[Info  - 3:22:15 PM] Indexing ended. 1 files indexed in 0s.
[Info  - 3:22:37 PM] Indexing started.
[Info  - 3:22:37 PM] Indexing ended. 1 files indexed in 0s.
[Info  - 3:22:39 PM] Indexing started.
[Info  - 3:22:39 PM] Indexing ended. 1 files indexed in 0s.
[Info  - 3:23:46 PM] Indexing started.
[Info  - 3:23:47 PM] Indexing ended. 1 files indexed in 0s.
[Info  - 3:53:18 PM] Indexing started.
[Info  - 3:53:18 PM] Indexing ended. 1 files indexed in 0s.
[Info  - 3:53:33 PM] Indexing started.
[Info  - 3:53:33 PM] Indexing ended. 1 files indexed in 0s.
[Info  - 3:57:04 PM] Indexing started.
[Info  - 3:57:05 PM] Indexing ended. 4 files indexed in 0s.
[Info  - 3:59:24 PM] Indexing started.
[Info  - 3:59:24 PM] Indexing ended. 1 files indexed in 0s.
[Info  - 4:02:58 PM] Indexing started.
[Info  - 4:02:59 PM] Indexing ended. 1 files indexed in 0s.
[Info  - 4:04:45 PM] Indexing started.
[Info  - 4:04:45 PM] Indexing ended. 1 files indexed in 0s.
[Info  - 4:04:53 PM] Indexing started.
[Info  - 4:04:53 PM] Indexing ended. 1 files indexed in 0s.
[Info  - 4:05:12 PM] Indexing started.
[Info  - 4:05:12 PM] Indexing ended. 1 files indexed in 0s.
[Info  - 4:05:21 PM] Indexing started.
[Info  - 4:05:21 PM] Indexing ended. 1 files indexed in 0s.
[Info  - 4:05:29 PM] Indexing started.
[Info  - 4:05:29 PM] Indexing ended. 1 files indexed in 0s.
[Info  - 4:05:35 PM] Indexing started.
[Info  - 4:05:35 PM] Indexing ended. 1 files indexed in 0s.
[Info  - 4:05:50 PM] Indexing started.
[Info  - 4:05:51 PM] Indexing ended. 1 files indexed in 0s.
[Info  - 4:05:58 PM] Indexing started.
[Info  - 4:05:58 PM] Indexing ended. 1 files indexed in 0s.
[Info  - 4:06:05 PM] Indexing started.
[Info  - 4:06:05 PM] Indexing ended. 1 files indexed in 0s.
[Info  - 4:06:12 PM] Indexing started.
[Info  - 4:06:12 PM] Indexing ended. 1 files indexed in 0s.
[Info  - 4:06:18 PM] Indexing started.
[Info  - 4:06:18 PM] Indexing ended. 1 files indexed in 0s.
[Info  - 4:06:29 PM] Indexing started.
[Info  - 4:06:29 PM] Indexing ended. 1 files indexed in 0s.
[Info  - 4:07:22 PM] Indexing started.
[Info  - 4:07:23 PM] Indexing ended. 3 files indexed in 0s.
[Info  - 4:08:01 PM] Indexing started.
[Info  - 4:08:01 PM] Indexing ended. 1 files indexed in 0s.
[Info  - 4:10:17 PM] Indexing started.
[Info  - 4:10:18 PM] Indexing ended. 1 files indexed in 0s.
[Info  - 4:14:58 PM] Indexing started.
[Info  - 4:14:58 PM] Indexing ended. 1 files indexed in 0s.
[Info  - 4:16:19 PM] Indexing started.
[Info  - 4:16:19 PM] Indexing ended. 1 files indexed in 0s.
[Info  - 4:16:36 PM] Indexing started.
[Info  - 4:16:36 PM] Indexing ended. 1 files indexed in 0s.
[Info  - 4:16:54 PM] Indexing started.
[Info  - 4:16:54 PM] Indexing ended. 1 files indexed in 0s.
[Info  - 4:17:01 PM] Indexing started.
[Info  - 4:17:01 PM] Indexing ended. 3 files indexed in 0s.
[Info  - 4:18:34 PM] Indexing started.
[Info  - 4:18:34 PM] Indexing ended. 1 files indexed in 0s.
[Info  - 4:18:58 PM] Indexing started.
[Info  - 4:18:58 PM] Indexing ended. 1 files indexed in 0s.
[Info  - 4:18:59 PM] Indexing started.
[Info  - 4:18:59 PM] Indexing ended. 1 files indexed in 0s.
[Info  - 4:20:17 PM] Indexing started.
[Info  - 4:20:17 PM] Indexing ended. 1 files indexed in 0s.
[Info  - 4:23:21 PM] Indexing started.
[Info  - 4:23:21 PM] Indexing ended. 1 files indexed in 0s.
[Info  - 4:25:52 PM] Indexing started.
[Info  - 4:25:52 PM] Indexing ended. 1 files indexed in 0s.
[Info  - 4:25:54 PM] Indexing started.
[Info  - 4:25:54 PM] Indexing ended. 1 files indexed in 0s.
[Info  - 4:26:16 PM] Indexing started.
[Info  - 4:26:17 PM] Indexing ended. 1 files indexed in 0s.
[Info  - 4:26:45 PM] Indexing started.
[Info  - 4:26:46 PM] Indexing ended. 1 files indexed in 0s.
[Info  - 4:26:54 PM] Indexing started.
[Info  - 4:26:54 PM] Indexing ended. 1 files indexed in 0s.
[Info  - 4:28:50 PM] Indexing started.
[Info  - 4:28:50 PM] Indexing ended. 1 files indexed in 0s.
[Info  - 4:29:00 PM] Indexing started.
[Info  - 4:29:00 PM] Indexing ended. 1 files indexed in 0s.
[Info  - 4:29:02 PM] Indexing started.
[Info  - 4:29:02 PM] Indexing ended. 2 files indexed in 0s.
[Info  - 4:34:35 PM] Indexing started.
[Info  - 4:34:36 PM] Indexing ended. 1 files indexed in 0s.
[Info  - 4:34:45 PM] Indexing started.
[Info  - 4:34:45 PM] Indexing ended. 1 files indexed in 0s.
[Info  - 4:36:43 PM] Indexing started.
[Info  - 4:36:43 PM] Indexing ended. 1 files indexed in 0s.
[Info  - 4:36:48 PM] Indexing started.
[Info  - 4:36:48 PM] Indexing ended. 1 files indexed in 0s.
[Info  - 4:37:56 PM] Indexing started.
[Info  - 4:37:57 PM] Indexing ended. 1 files indexed in 0s.
[Info  - 4:38:02 PM] Indexing started.
[Info  - 4:38:02 PM] Indexing ended. 1 files indexed in 0s.
[Info  - 4:38:07 PM] Indexing started.
[Info  - 4:38:07 PM] Indexing ended. 1 files indexed in 0s.
[Info  - 4:38:13 PM] Indexing started.
[Info  - 4:38:13 PM] Indexing ended. 1 files indexed in 0s.
[Info  - 4:38:18 PM] Indexing started.
[Info  - 4:38:18 PM] Indexing ended. 1 files indexed in 0s.
[Info  - 4:38:24 PM] Indexing started.
[Info  - 4:38:25 PM] Indexing ended. 1 files indexed in 0s.
[Info  - 4:38:30 PM] Indexing started.
[Info  - 4:38:30 PM] Indexing ended. 1 files indexed in 0s.
[Info  - 4:38:36 PM] Indexing started.
[Info  - 4:38:36 PM] Indexing ended. 1 files indexed in 0s.
[Info  - 4:38:45 PM] Indexing started.
[Info  - 4:38:46 PM] Indexing ended. 1 files indexed in 0s.
[Info  - 4:38:50 PM] Indexing started.
[Info  - 4:38:50 PM] Indexing ended. 1 files indexed in 0s.
[Info  - 4:39:05 PM] Indexing started.
[Info  - 4:39:05 PM] Indexing ended. 1 files indexed in 0s.
[Info  - 4:39:11 PM] Indexing started.
[Info  - 4:39:11 PM] Indexing ended. 1 files indexed in 0s.
[Info  - 4:39:17 PM] Indexing started.
[Info  - 4:39:17 PM] Indexing ended. 1 files indexed in 0s.
[Info  - 4:39:26 PM] Indexing started.
[Info  - 4:39:26 PM] Indexing ended. 6 files indexed in 0s.
[Info  - 4:40:27 PM] Indexing started.
[Info  - 4:40:27 PM] Indexing ended. 1 files indexed in 0s.
[Info  - 4:40:37 PM] Indexing started.
[Info  - 4:40:37 PM] Indexing ended. 1 files indexed in 0s.
[Info  - 8:12:04 AM] Indexing started.
[Info  - 8:12:04 AM] Indexing ended. 1 files indexed in 0s.
[Info  - 8:15:09 AM] Indexing started.
[Info  - 8:15:09 AM] Indexing ended. 1 files indexed in 0s.
[Info  - 8:16:18 AM] Indexing started.
[Info  - 8:16:19 AM] Indexing ended. 1 files indexed in 0s.
[Info  - 8:23:41 AM] Indexing started.
[Info  - 8:23:41 AM] Indexing ended. 1 files indexed in 0s.
[Info  - 8:24:23 AM] Indexing started.
[Info  - 8:24:24 AM] Indexing ended. 1 files indexed in 0s.
[Info  - 8:24:25 AM] Indexing started.
[Info  - 8:24:25 AM] Indexing ended. 2 files indexed in 0s.
[Info  - 8:29:39 AM] Indexing started.
[Info  - 8:29:40 AM] Indexing ended. 1 files indexed in 0s.
[Info  - 8:32:07 AM] Indexing started.
[Info  - 8:32:07 AM] Indexing ended. 1 files indexed in 0s.
[Info  - 8:33:34 AM] Indexing started.
[Info  - 8:33:35 AM] Indexing ended. 1 files indexed in 0s.
[Info  - 8:33:41 AM] Indexing started.
[Info  - 8:33:41 AM] Indexing ended. 1 files indexed in 0s.
[Info  - 8:33:58 AM] Indexing started.
[Info  - 8:33:59 AM] Indexing ended. 1 files indexed in 0s.
[Info  - 8:34:21 AM] Indexing started.
[Info  - 8:34:21 AM] Indexing ended. 1 files indexed in 0s.
[Info  - 8:34:49 AM] Indexing started.
[Info  - 8:34:50 AM] Indexing ended. 1 files indexed in 0s.
[Info  - 8:35:34 AM] Indexing started.
[Info  - 8:35:34 AM] Indexing ended. 1 files indexed in 0s.
[Info  - 8:36:01 AM] Indexing started.
[Info  - 8:36:01 AM] Indexing ended. 1 files indexed in 0s.
[Info  - 8:36:40 AM] Indexing started.
[Info  - 8:36:40 AM] Indexing ended. 1 files indexed in 0s.
[Info  - 8:36:54 AM] Indexing started.
[Info  - 8:36:54 AM] Indexing ended. 1 files indexed in 0s.
[Info  - 8:38:13 AM] Indexing started.
[Info  - 8:38:13 AM] Indexing ended. 1 files indexed in 0s.
[Info  - 8:50:08 AM] Indexing started.
[Info  - 8:50:08 AM] Indexing ended. 1 files indexed in 0s.
[Info  - 8:50:29 AM] Indexing started.
[Info  - 8:50:29 AM] Indexing ended. 3 files indexed in 0s.
[Info  - 8:51:27 AM] Indexing started.
[Info  - 8:51:27 AM] Indexing ended. 1 files indexed in 0s.
[Info  - 8:51:35 AM] Indexing started.
[Info  - 8:51:35 AM] Indexing ended. 1 files indexed in 0s.
[Info  - 8:51:36 AM] Indexing started.
[Info  - 8:51:36 AM] Indexing ended. 1 files indexed in 0s.
[Info  - 8:54:08 AM] Indexing started.
[Info  - 8:54:08 AM] Indexing ended. 1 files indexed in 0s.
[Info  - 8:54:59 AM] Indexing started.
[Info  - 8:54:59 AM] Indexing ended. 1 files indexed in 0s.
[Info  - 8:55:03 AM] Indexing started.
[Info  - 8:55:03 AM] Indexing ended. 1 files indexed in 0s.
[Info  - 8:58:42 AM] Indexing started.
[Info  - 8:58:42 AM] Indexing ended. 1 files indexed in 0s.
[Info  - 9:00:05 AM] Indexing started.
[Info  - 9:00:05 AM] Indexing ended. 1 files indexed in 0s.
[Info  - 9:00:40 AM] Indexing started.
[Info  - 9:00:40 AM] Indexing ended. 1 files indexed in 0s.
[Info  - 9:00:43 AM] Indexing started.
[Info  - 9:00:43 AM] Indexing ended. 1 files indexed in 0s.
[Info  - 9:01:51 AM] Indexing started.
[Info  - 9:01:51 AM] Indexing ended. 1 files indexed in 0s.
[Info  - 9:02:11 AM] Indexing started.
[Info  - 9:02:11 AM] Indexing ended. 1 files indexed in 0s.
[Info  - 9:02:15 AM] Indexing started.
[Info  - 9:02:15 AM] Indexing ended. 1 files indexed in 0s.
[Info  - 9:05:10 AM] Indexing started.
[Info  - 9:05:11 AM] Indexing ended. 1 files indexed in 0s.
[Info  - 9:05:11 AM] Indexing started.
[Info  - 9:05:12 AM] Indexing ended. 1 files indexed in 0s.
[Info  - 9:07:17 AM] Indexing started.
[Info  - 9:07:17 AM] Indexing ended. 1 files indexed in 0s.
[Info  - 9:07:20 AM] Indexing started.
[Info  - 9:07:20 AM] Indexing ended. 1 files indexed in 0s.
[Info  - 9:07:41 AM] Indexing started.
[Info  - 9:07:41 AM] Indexing ended. 1 files indexed in 0s.
[Info  - 9:07:45 AM] Indexing started.
[Info  - 9:07:45 AM] Indexing ended. 1 files indexed in 0s.
[Info  - 9:08:11 AM] Indexing started.
[Info  - 9:08:11 AM] Indexing ended. 1 files indexed in 0s.
[Info  - 9:08:19 AM] Indexing started.
[Info  - 9:08:19 AM] Indexing ended. 2 files indexed in 0s.
[Info  - 9:10:17 AM] Indexing started.
[Info  - 9:10:17 AM] Indexing ended. 1 files indexed in 0s.
[Info  - 9:10:30 AM] Indexing started.
[Info  - 9:10:30 AM] Indexing ended. 1 files indexed in 0s.
[Info  - 9:10:38 AM] Indexing started.
[Info  - 9:10:38 AM] Indexing ended. 1 files indexed in 0s.
[Info  - 9:10:45 AM] Indexing started.
[Info  - 9:10:45 AM] Indexing ended. 1 files indexed in 0s.
[Info  - 9:10:47 AM] Indexing started.
[Info  - 9:10:47 AM] Indexing ended. 2 files indexed in 0s.
[Info  - 9:11:25 AM] Indexing started.
[Info  - 9:11:25 AM] Indexing ended. 1 files indexed in 0s.
[Info  - 9:13:23 AM] Indexing started.
[Info  - 9:13:23 AM] Indexing ended. 1 files indexed in 0s.
[Info  - 9:14:05 AM] Indexing started.
[Info  - 9:14:05 AM] Indexing ended. 1 files indexed in 0s.
[Info  - 9:16:26 AM] Indexing started.
[Info  - 9:16:26 AM] Indexing ended. 1 files indexed in 0s.
[Info  - 9:16:32 AM] Indexing started.
[Info  - 9:16:33 AM] Indexing ended. 19 files indexed in 0s.
[Info  - 9:16:50 AM] Indexing started.
[Info  - 9:16:51 AM] Indexing ended. 8 files indexed in 0s.
[Info  - 9:18:03 AM] Indexing started.
[Info  - 9:18:03 AM] Indexing ended. 1 files indexed in 0s.
[Info  - 9:18:05 AM] Indexing started.
[Info  - 9:18:05 AM] Indexing ended. 1 files indexed in 0s.
[Info  - 9:18:17 AM] Indexing started.
[Info  - 9:18:17 AM] Indexing ended. 1 files indexed in 0s.
[Info  - 9:18:19 AM] Indexing started.
[Info  - 9:18:19 AM] Indexing ended. 1 files indexed in 0s.
[Info  - 9:18:37 AM] Indexing started.
[Info  - 9:18:37 AM] Indexing ended. 1 files indexed in 0s.
[Info  - 9:20:01 AM] Indexing started.
[Info  - 9:20:01 AM] Indexing ended. 1 files indexed in 0s.
[Info  - 9:20:04 AM] Indexing started.
[Info  - 9:20:04 AM] Indexing ended. 1 files indexed in 0s.
[Info  - 9:20:12 AM] Indexing started.
[Info  - 9:20:13 AM] Indexing ended. 1 files indexed in 0s.
[Info  - 9:20:17 AM] Indexing started.
[Info  - 9:20:17 AM] Indexing ended. 1 files indexed in 0s.
[Info  - 9:21:09 AM] Indexing started.
[Info  - 9:21:09 AM] Indexing ended. 1 files indexed in 0s.
[Info  - 9:21:19 AM] Indexing started.
[Info  - 9:21:20 AM] Indexing ended. 1 files indexed in 0s.
[Info  - 9:21:21 AM] Indexing started.
[Info  - 9:21:21 AM] Indexing ended. 1 files indexed in 0s.
[Info  - 9:21:36 AM] Indexing started.
[Info  - 9:21:36 AM] Indexing ended. 1 files indexed in 0s.
[Info  - 9:21:42 AM] Indexing started.
[Info  - 9:21:42 AM] Indexing ended. 1 files indexed in 0s.
[Info  - 9:21:44 AM] Indexing started.
[Info  - 9:21:44 AM] Indexing ended. 2 files indexed in 0s.
[Info  - 9:21:48 AM] Indexing started.
[Info  - 9:21:48 AM] Indexing ended. 1 files indexed in 0s.
[Info  - 9:21:49 AM] Indexing started.
[Info  - 9:21:49 AM] Indexing ended. 1 files indexed in 0s.
[Info  - 9:22:20 AM] Indexing started.
[Info  - 9:22:20 AM] Indexing ended. 1 files indexed in 0s.
[Info  - 9:22:21 AM] Indexing started.
[Info  - 9:22:21 AM] Indexing ended. 1 files indexed in 0s.
[Info  - 9:22:31 AM] Indexing started.
[Info  - 9:22:31 AM] Indexing ended. 1 files indexed in 0s.
[Info  - 9:22:32 AM] Indexing started.
[Info  - 9:22:32 AM] Indexing ended. 9 files indexed in 0s.
[Info  - 9:24:23 AM] Indexing started.
[Info  - 9:24:23 AM] Indexing ended. 1 files indexed in 0s.
[Info  - 9:24:38 AM] Indexing started.
[Info  - 9:24:38 AM] Indexing ended. 1 files indexed in 0s.
[Info  - 9:27:55 AM] Indexing started.
[Info  - 9:27:55 AM] Indexing ended. 1 files indexed in 0s.
[Info  - 9:28:03 AM] Indexing started.
[Info  - 9:28:03 AM] Indexing ended. 1 files indexed in 0s.
[Info  - 9:28:27 AM] Indexing started.
[Info  - 9:28:27 AM] Indexing ended. 2 files indexed in 0s.
[Info  - 9:32:27 AM] Indexing started.
[Info  - 9:32:27 AM] Indexing ended. 1 files indexed in 0s.
[Info  - 9:32:44 AM] Indexing started.
[Info  - 9:32:45 AM] Indexing ended. 1 files indexed in 0s.
[Info  - 9:32:59 AM] Indexing started.
[Info  - 9:32:59 AM] Indexing ended. 1 files indexed in 0s.
[Info  - 9:33:50 AM] Indexing started.
[Info  - 9:33:50 AM] Indexing ended. 1 files indexed in 0s.
[Info  - 9:36:04 AM] Indexing started.
[Info  - 9:36:04 AM] Indexing ended. 1 files indexed in 0s.
[Info  - 9:36:16 AM] Indexing started.
[Info  - 9:36:16 AM] Indexing ended. 1 files indexed in 0s.
[Info  - 9:38:37 AM] Indexing started.
[Info  - 9:38:37 AM] Indexing ended. 1 files indexed in 0s.
[Info  - 9:38:57 AM] Indexing started.
[Info  - 9:38:57 AM] Indexing ended. 3 files indexed in 0s.
