2023-08-14 09:28:51.315 [info] Log level: Info
2023-08-14 09:28:51.315 [info] Validating found git in: "git"
2023-08-14 09:28:51.315 [info] Using git "2.34.1" from "git"
2023-08-14 09:28:51.315 [info] > git rev-parse --show-toplevel [4ms]
2023-08-14 09:28:51.315 [info] fatal: not a git repository (or any of the parent directories): .git
2023-08-14 09:28:51.315 [info] > git rev-parse --show-toplevel [3ms]
2023-08-14 09:28:51.315 [info] fatal: not a git repository (or any of the parent directories): .git
2023-08-14 09:28:51.315 [info] > git rev-parse --show-toplevel [2ms]
2023-08-14 09:28:51.315 [info] fatal: not a git repository (or any of the parent directories): .git
2023-08-14 09:28:51.315 [info] > git rev-parse --show-toplevel [1ms]
2023-08-14 09:28:51.315 [info] fatal: not a git repository (or any of the parent directories): .git
2023-08-14 09:28:51.315 [info] > git rev-parse --show-toplevel [1ms]
2023-08-14 09:28:51.315 [info] fatal: not a git repository (or any of the parent directories): .git
2023-08-14 09:28:51.334 [info] > git rev-parse --show-toplevel [19ms]
2023-08-14 09:28:51.337 [info] > git rev-parse --git-dir --git-common-dir [0ms]
2023-08-14 09:28:51.343 [info] Open repository: /home/training/.nvm
2023-08-14 09:28:51.349 [info] > git rev-parse --show-toplevel [3ms]
2023-08-14 09:28:51.350 [info] fatal: not a git repository (or any of the parent directories): .git
2023-08-14 09:28:51.352 [info] > git rev-parse --show-toplevel [0ms]
2023-08-14 09:28:51.352 [info] fatal: not a git repository (or any of the parent directories): .git
2023-08-14 09:28:51.360 [info] > git rev-parse --show-toplevel [5ms]
2023-08-14 09:28:51.360 [info] fatal: not a git repository (or any of the parent directories): .git
2023-08-14 09:28:51.363 [info] > git rev-parse --show-toplevel [0ms]
2023-08-14 09:28:51.364 [info] fatal: not a git repository (or any of the parent directories): .git
2023-08-14 09:28:51.391 [info] > git config --get commit.template [42ms]
2023-08-14 09:28:51.643 [info] > git for-each-ref --format %(refname) %(objectname) %(*objectname) refs/tags [284ms]
2023-08-14 09:28:51.737 [info] > git status -z -uall [89ms]
2023-08-14 09:28:51.748 [info] > git config --get commit.template [3ms]
2023-08-14 09:28:51.748 [info] > git for-each-ref --format %(refname) %(objectname) %(*objectname) refs/tags [1ms]
2023-08-14 09:28:51.752 [info] > git status -z -uall [2ms]
2023-08-14 09:28:51.875 [info] > git check-ignore -v -z --stdin [2ms]
2023-08-14 09:32:36.437 [info] > git rev-parse --show-toplevel [111ms]
2023-08-14 09:32:36.437 [info] fatal: not a git repository (or any of the parent directories): .git
2023-08-14 09:33:32.646 [info] > git rev-parse --show-toplevel [7ms]
2023-08-14 09:33:32.646 [info] fatal: not a git repository (or any of the parent directories): .git
2023-08-14 09:33:35.342 [info] > git rev-parse --show-toplevel [1ms]
2023-08-14 09:33:35.342 [info] fatal: not a git repository (or any of the parent directories): .git
2023-08-14 09:33:46.058 [info] > git rev-parse --show-toplevel [6ms]
2023-08-14 09:33:46.058 [info] fatal: not a git repository (or any of the parent directories): .git
2023-08-14 09:35:08.623 [info] > git rev-parse --show-toplevel [17ms]
2023-08-14 09:35:08.623 [info] fatal: not a git repository (or any of the parent directories): .git
2023-08-14 09:35:15.114 [info] > git rev-parse --show-toplevel [3ms]
2023-08-14 09:35:15.114 [info] fatal: not a git repository (or any of the parent directories): .git
2023-08-14 09:36:44.046 [info] > git rev-parse --show-toplevel [11ms]
2023-08-14 09:36:44.046 [info] fatal: not a git repository (or any of the parent directories): .git
2023-08-14 09:36:55.078 [info] > git rev-parse --show-toplevel [4ms]
2023-08-14 09:36:55.078 [info] fatal: not a git repository (or any of the parent directories): .git
2023-08-14 09:37:04.596 [info] > git rev-parse --show-toplevel [6ms]
2023-08-14 09:37:04.596 [info] fatal: not a git repository (or any of the parent directories): .git
2023-08-14 09:37:09.410 [info] > git rev-parse --show-toplevel [3ms]
2023-08-14 09:37:09.411 [info] fatal: not a git repository (or any of the parent directories): .git
2023-08-14 09:37:24.462 [info] > git rev-parse --show-toplevel [4ms]
2023-08-14 09:37:24.462 [info] fatal: not a git repository (or any of the parent directories): .git
2023-08-14 09:37:35.826 [info] > git rev-parse --show-toplevel [2ms]
2023-08-14 09:37:35.826 [info] fatal: not a git repository (or any of the parent directories): .git
2023-08-14 09:39:19.632 [info] > git rev-parse --show-toplevel [8ms]
2023-08-14 09:39:19.632 [info] fatal: not a git repository (or any of the parent directories): .git
2023-08-14 09:54:59.665 [info] > git rev-parse --show-toplevel [2ms]
2023-08-14 09:54:59.665 [info] fatal: not a git repository (or any of the parent directories): .git
2023-08-14 09:55:15.445 [info] > git rev-parse --show-toplevel [1ms]
2023-08-14 09:55:15.446 [info] fatal: not a git repository (or any of the parent directories): .git
2023-08-14 09:57:35.112 [info] > git rev-parse --show-toplevel [1ms]
2023-08-14 09:57:35.115 [info] > git rev-parse --git-dir --git-common-dir [0ms]
2023-08-14 09:57:35.121 [info] Open repository: /home/training
2023-08-14 09:57:35.127 [info] > git config --get commit.template [1ms]
2023-08-14 09:57:35.133 [info] No remotes found in the git config file.
2023-08-14 09:57:35.134 [info] > git for-each-ref --format=%(refname)%00%(upstream:short)%00%(objectname)%00%(upstream:track)%00%(upstream:remotename)%00%(upstream:remoteref) refs/heads/master refs/remotes/master [2ms]
2023-08-14 09:57:35.154 [info] > git status -z -uall [15ms]
2023-08-14 09:57:35.181 [info] > git config --get commit.template [1ms]
2023-08-14 09:57:35.185 [info] No remotes found in the git config file.
2023-08-14 09:57:35.187 [info] > git for-each-ref --format=%(refname)%00%(upstream:short)%00%(objectname)%00%(upstream:track)%00%(upstream:remotename)%00%(upstream:remoteref) refs/heads/master refs/remotes/master [3ms]
2023-08-14 09:57:35.207 [info] > git status -z -uall [12ms]
2023-08-14 09:57:35.605 [info] > git show --textconv :agus-app/composer.lock [13ms]
2023-08-14 09:57:35.605 [info] > git show --textconv :submission [10ms]
2023-08-14 09:57:35.605 [info] > git ls-files --stage -- /home/training/agus-app/composer.lock [6ms]
2023-08-14 09:57:35.606 [info] > git ls-files --stage -- /home/training/submission [2ms]
2023-08-14 09:57:35.649 [info] > git check-ignore -v -z --stdin [3ms]
2023-08-14 09:57:35.650 [info] > git check-ignore -v -z --stdin [2ms]
2023-08-14 09:57:38.238 [info] > git config --get commit.template [1ms]
2023-08-14 09:57:38.241 [info] No remotes found in the git config file.
2023-08-14 09:57:38.241 [info] > git for-each-ref --format=%(refname)%00%(upstream:short)%00%(objectname)%00%(upstream:track)%00%(upstream:remotename)%00%(upstream:remoteref) refs/heads/master refs/remotes/master [1ms]
2023-08-14 09:57:38.249 [info] > git status -z -uall [6ms]
2023-08-14 09:57:43.267 [info] > git config --get commit.template [1ms]
2023-08-14 09:57:43.270 [info] No remotes found in the git config file.
2023-08-14 09:57:43.270 [info] > git for-each-ref --format=%(refname)%00%(upstream:short)%00%(objectname)%00%(upstream:track)%00%(upstream:remotename)%00%(upstream:remoteref) refs/heads/master refs/remotes/master [0ms]
2023-08-14 09:57:43.281 [info] > git status -z -uall [6ms]
2023-08-14 09:57:48.302 [info] No remotes found in the git config file.
2023-08-14 09:57:48.302 [info] > git config --get commit.template [3ms]
2023-08-14 09:57:48.303 [info] > git for-each-ref --format=%(refname)%00%(upstream:short)%00%(objectname)%00%(upstream:track)%00%(upstream:remotename)%00%(upstream:remoteref) refs/heads/master refs/remotes/master [1ms]
2023-08-14 09:57:48.314 [info] > git status -z -uall [6ms]
2023-08-14 09:57:53.334 [info] > git config --get commit.template [1ms]
2023-08-14 09:57:53.340 [info] No remotes found in the git config file.
2023-08-14 09:57:53.341 [info] > git for-each-ref --format=%(refname)%00%(upstream:short)%00%(objectname)%00%(upstream:track)%00%(upstream:remotename)%00%(upstream:remoteref) refs/heads/master refs/remotes/master [0ms]
2023-08-14 09:57:53.353 [info] > git status -z -uall [5ms]
2023-08-14 09:57:58.374 [info] No remotes found in the git config file.
2023-08-14 09:57:58.375 [info] > git config --get commit.template [3ms]
2023-08-14 09:57:58.375 [info] > git for-each-ref --format=%(refname)%00%(upstream:short)%00%(objectname)%00%(upstream:track)%00%(upstream:remotename)%00%(upstream:remoteref) refs/heads/master refs/remotes/master [1ms]
2023-08-14 09:57:58.384 [info] > git status -z -uall [6ms]
2023-08-14 09:58:03.408 [info] > git config --get commit.template [1ms]
2023-08-14 09:58:03.412 [info] No remotes found in the git config file.
2023-08-14 09:58:03.413 [info] > git for-each-ref --format=%(refname)%00%(upstream:short)%00%(objectname)%00%(upstream:track)%00%(upstream:remotename)%00%(upstream:remoteref) refs/heads/master refs/remotes/master [1ms]
2023-08-14 09:58:03.424 [info] > git status -z -uall [7ms]
2023-08-14 09:58:22.750 [info] No remotes found in the git config file.
2023-08-14 09:58:22.751 [info] > git config --get commit.template [4ms]
2023-08-14 09:58:22.752 [info] > git for-each-ref --format=%(refname)%00%(upstream:short)%00%(objectname)%00%(upstream:track)%00%(upstream:remotename)%00%(upstream:remoteref) refs/heads/master refs/remotes/master [2ms]
2023-08-14 09:58:22.765 [info] > git status -z -uall [8ms]
2023-08-14 09:58:27.794 [info] > git config --get commit.template [0ms]
2023-08-14 09:58:27.796 [info] No remotes found in the git config file.
2023-08-14 09:58:27.797 [info] > git for-each-ref --format=%(refname)%00%(upstream:short)%00%(objectname)%00%(upstream:track)%00%(upstream:remotename)%00%(upstream:remoteref) refs/heads/master refs/remotes/master [1ms]
2023-08-14 09:58:27.805 [info] > git status -z -uall [6ms]
2023-08-14 09:58:32.827 [info] No remotes found in the git config file.
2023-08-14 09:58:32.827 [info] > git config --get commit.template [3ms]
2023-08-14 09:58:32.827 [info] > git for-each-ref --format=%(refname)%00%(upstream:short)%00%(objectname)%00%(upstream:track)%00%(upstream:remotename)%00%(upstream:remoteref) refs/heads/master refs/remotes/master [1ms]
2023-08-14 09:58:32.835 [info] > git status -z -uall [5ms]
2023-08-14 09:58:39.279 [info] > git config --get commit.template [1ms]
2023-08-14 09:58:39.282 [info] No remotes found in the git config file.
2023-08-14 09:58:39.283 [info] > git for-each-ref --format=%(refname)%00%(upstream:short)%00%(objectname)%00%(upstream:track)%00%(upstream:remotename)%00%(upstream:remoteref) refs/heads/master refs/remotes/master [1ms]
2023-08-14 09:58:39.291 [info] > git status -z -uall [5ms]
2023-08-14 09:58:41.315 [info] > git ls-files --stage -- /home/training/agus-app/composer.lock [3ms]
2023-08-14 09:58:41.316 [info] > git ls-files --stage -- /home/training/submission [1ms]
2023-08-14 09:58:41.369 [info] > git show --textconv :agus-app/composer.lock [4ms]
2023-08-14 09:58:41.369 [info] > git show --textconv :submission [1ms]
2023-08-14 09:58:46.277 [info] > git config --get commit.template [1ms]
2023-08-14 09:58:46.280 [info] No remotes found in the git config file.
2023-08-14 09:58:46.280 [info] > git for-each-ref --format=%(refname)%00%(upstream:short)%00%(objectname)%00%(upstream:track)%00%(upstream:remotename)%00%(upstream:remoteref) refs/heads/master refs/remotes/master [0ms]
2023-08-14 09:58:46.289 [info] > git status -z -uall [6ms]
2023-08-14 09:58:51.305 [info] > git config --get commit.template [0ms]
2023-08-14 09:58:51.309 [info] No remotes found in the git config file.
2023-08-14 09:58:51.309 [info] > git for-each-ref --format=%(refname)%00%(upstream:short)%00%(objectname)%00%(upstream:track)%00%(upstream:remotename)%00%(upstream:remoteref) refs/heads/master refs/remotes/master [0ms]
2023-08-14 09:58:51.321 [info] > git status -z -uall [5ms]
2023-08-14 09:58:56.340 [info] > git config --get commit.template [1ms]
2023-08-14 09:58:56.343 [info] No remotes found in the git config file.
2023-08-14 09:58:56.343 [info] > git for-each-ref --format=%(refname)%00%(upstream:short)%00%(objectname)%00%(upstream:track)%00%(upstream:remotename)%00%(upstream:remoteref) refs/heads/master refs/remotes/master [0ms]
2023-08-14 09:58:56.352 [info] > git status -z -uall [6ms]
2023-08-14 09:59:01.366 [info] > git config --get commit.template [0ms]
2023-08-14 09:59:01.371 [info] No remotes found in the git config file.
2023-08-14 09:59:01.371 [info] > git for-each-ref --format=%(refname)%00%(upstream:short)%00%(objectname)%00%(upstream:track)%00%(upstream:remotename)%00%(upstream:remoteref) refs/heads/master refs/remotes/master [1ms]
2023-08-14 09:59:01.381 [info] > git status -z -uall [6ms]
2023-08-14 09:59:06.399 [info] > git config --get commit.template [1ms]
2023-08-14 09:59:06.406 [info] No remotes found in the git config file.
2023-08-14 09:59:06.407 [info] > git for-each-ref --format=%(refname)%00%(upstream:short)%00%(objectname)%00%(upstream:track)%00%(upstream:remotename)%00%(upstream:remoteref) refs/heads/master refs/remotes/master [1ms]
2023-08-14 09:59:06.419 [info] > git status -z -uall [7ms]
2023-08-14 09:59:11.443 [info] No remotes found in the git config file.
2023-08-14 09:59:11.443 [info] > git config --get commit.template [4ms]
2023-08-14 09:59:11.443 [info] > git for-each-ref --format=%(refname)%00%(upstream:short)%00%(objectname)%00%(upstream:track)%00%(upstream:remotename)%00%(upstream:remoteref) refs/heads/master refs/remotes/master [1ms]
2023-08-14 09:59:11.452 [info] > git status -z -uall [6ms]
2023-08-14 09:59:16.474 [info] > git config --get commit.template [3ms]
2023-08-14 09:59:16.474 [info] No remotes found in the git config file.
2023-08-14 09:59:16.475 [info] > git for-each-ref --format=%(refname)%00%(upstream:short)%00%(objectname)%00%(upstream:track)%00%(upstream:remotename)%00%(upstream:remoteref) refs/heads/master refs/remotes/master [1ms]
2023-08-14 09:59:16.482 [info] > git status -z -uall [5ms]
2023-08-14 09:59:21.498 [info] > git config --get commit.template [0ms]
2023-08-14 09:59:21.501 [info] No remotes found in the git config file.
2023-08-14 09:59:21.502 [info] > git for-each-ref --format=%(refname)%00%(upstream:short)%00%(objectname)%00%(upstream:track)%00%(upstream:remotename)%00%(upstream:remoteref) refs/heads/master refs/remotes/master [0ms]
2023-08-14 09:59:21.509 [info] > git status -z -uall [5ms]
2023-08-14 09:59:26.528 [info] No remotes found in the git config file.
2023-08-14 09:59:26.528 [info] > git config --get commit.template [3ms]
2023-08-14 09:59:26.529 [info] > git for-each-ref --format=%(refname)%00%(upstream:short)%00%(objectname)%00%(upstream:track)%00%(upstream:remotename)%00%(upstream:remoteref) refs/heads/master refs/remotes/master [1ms]
2023-08-14 09:59:26.537 [info] > git status -z -uall [6ms]
2023-08-14 09:59:31.564 [info] No remotes found in the git config file.
2023-08-14 09:59:31.564 [info] > git config --get commit.template [5ms]
2023-08-14 09:59:31.564 [info] > git for-each-ref --format=%(refname)%00%(upstream:short)%00%(objectname)%00%(upstream:track)%00%(upstream:remotename)%00%(upstream:remoteref) refs/heads/master refs/remotes/master [1ms]
2023-08-14 09:59:31.572 [info] > git status -z -uall [5ms]
2023-08-14 09:59:36.590 [info] No remotes found in the git config file.
2023-08-14 09:59:36.590 [info] > git config --get commit.template [4ms]
2023-08-14 09:59:36.591 [info] > git for-each-ref --format=%(refname)%00%(upstream:short)%00%(objectname)%00%(upstream:track)%00%(upstream:remotename)%00%(upstream:remoteref) refs/heads/master refs/remotes/master [1ms]
2023-08-14 09:59:36.599 [info] > git status -z -uall [6ms]
2023-08-14 09:59:41.616 [info] No remotes found in the git config file.
2023-08-14 09:59:41.617 [info] > git config --get commit.template [4ms]
2023-08-14 09:59:41.619 [info] > git for-each-ref --format=%(refname)%00%(upstream:short)%00%(objectname)%00%(upstream:track)%00%(upstream:remotename)%00%(upstream:remoteref) refs/heads/master refs/remotes/master [3ms]
2023-08-14 09:59:41.633 [info] > git status -z -uall [8ms]
2023-08-14 09:59:44.778 [info] > git ls-files --stage -- /home/training/agus-app/composer.lock [4ms]
2023-08-14 09:59:44.782 [info] > git ls-files --stage -- /home/training/submission [5ms]
2023-08-14 09:59:44.787 [info] > git cat-file -s e69de29bb2d1d6434b8b29ae775ad8c2e48c5391 [0ms]
2023-08-14 09:59:44.787 [info] > git cat-file -s b1409486bdefe17782f124435209328be8d18643 [6ms]
2023-08-14 09:59:44.801 [info] > git show --textconv :submission [3ms]
2023-08-14 09:59:44.804 [info] > git show --textconv :agus-app/composer.lock [3ms]
2023-08-14 09:59:46.652 [info] > git config --get commit.template [1ms]
2023-08-14 09:59:46.655 [info] No remotes found in the git config file.
2023-08-14 09:59:46.656 [info] > git for-each-ref --format=%(refname)%00%(upstream:short)%00%(objectname)%00%(upstream:track)%00%(upstream:remotename)%00%(upstream:remoteref) refs/heads/master refs/remotes/master [1ms]
2023-08-14 09:59:46.730 [info] > git status -z -uall [72ms]
2023-08-14 09:59:51.752 [info] > git config --get commit.template [5ms]
2023-08-14 09:59:51.752 [info] No remotes found in the git config file.
2023-08-14 09:59:51.752 [info] > git for-each-ref --format=%(refname)%00%(upstream:short)%00%(objectname)%00%(upstream:track)%00%(upstream:remotename)%00%(upstream:remoteref) refs/heads/master refs/remotes/master [1ms]
2023-08-14 09:59:51.764 [info] > git status -z -uall [9ms]
2023-08-14 09:59:56.783 [info] > git config --get commit.template [0ms]
2023-08-14 09:59:56.786 [info] No remotes found in the git config file.
2023-08-14 09:59:56.787 [info] > git for-each-ref --format=%(refname)%00%(upstream:short)%00%(objectname)%00%(upstream:track)%00%(upstream:remotename)%00%(upstream:remoteref) refs/heads/master refs/remotes/master [1ms]
2023-08-14 09:59:56.797 [info] > git status -z -uall [8ms]
2023-08-14 10:00:01.827 [info] No remotes found in the git config file.
2023-08-14 10:00:01.827 [info] > git config --get commit.template [3ms]
2023-08-14 10:00:01.827 [info] > git for-each-ref --format=%(refname)%00%(upstream:short)%00%(objectname)%00%(upstream:track)%00%(upstream:remotename)%00%(upstream:remoteref) refs/heads/master refs/remotes/master [0ms]
2023-08-14 10:00:01.838 [info] > git status -z -uall [8ms]
2023-08-14 10:00:06.865 [info] No remotes found in the git config file.
2023-08-14 10:00:06.865 [info] > git config --get commit.template [4ms]
2023-08-14 10:00:06.865 [info] > git for-each-ref --format=%(refname)%00%(upstream:short)%00%(objectname)%00%(upstream:track)%00%(upstream:remotename)%00%(upstream:remoteref) refs/heads/master refs/remotes/master [0ms]
2023-08-14 10:00:06.877 [info] > git status -z -uall [9ms]
2023-08-14 10:00:11.897 [info] > git config --get commit.template [0ms]
2023-08-14 10:00:11.897 [info] No remotes found in the git config file.
2023-08-14 10:00:11.900 [info] > git for-each-ref --format=%(refname)%00%(upstream:short)%00%(objectname)%00%(upstream:track)%00%(upstream:remotename)%00%(upstream:remoteref) refs/heads/master refs/remotes/master [1ms]
2023-08-14 10:00:11.911 [info] > git status -z -uall [8ms]
2023-08-14 10:00:16.932 [info] > git config --get commit.template [1ms]
2023-08-14 10:00:16.935 [info] No remotes found in the git config file.
2023-08-14 10:00:16.935 [info] > git for-each-ref --format=%(refname)%00%(upstream:short)%00%(objectname)%00%(upstream:track)%00%(upstream:remotename)%00%(upstream:remoteref) refs/heads/master refs/remotes/master [1ms]
2023-08-14 10:00:16.946 [info] > git status -z -uall [9ms]
2023-08-14 10:00:21.970 [info] > git config --get commit.template [1ms]
2023-08-14 10:00:21.975 [info] No remotes found in the git config file.
2023-08-14 10:00:21.975 [info] > git for-each-ref --format=%(refname)%00%(upstream:short)%00%(objectname)%00%(upstream:track)%00%(upstream:remotename)%00%(upstream:remoteref) refs/heads/master refs/remotes/master [1ms]
2023-08-14 10:00:21.990 [info] > git status -z -uall [11ms]
2023-08-14 10:00:27.354 [info] > git config --get commit.template [1ms]
2023-08-14 10:00:27.358 [info] No remotes found in the git config file.
2023-08-14 10:00:27.359 [info] > git for-each-ref --format=%(refname)%00%(upstream:short)%00%(objectname)%00%(upstream:track)%00%(upstream:remotename)%00%(upstream:remoteref) refs/heads/master refs/remotes/master [1ms]
2023-08-14 10:00:27.373 [info] > git status -z -uall [10ms]
2023-08-14 10:00:32.396 [info] No remotes found in the git config file.
2023-08-14 10:00:32.397 [info] > git config --get commit.template [4ms]
2023-08-14 10:00:32.397 [info] > git for-each-ref --format=%(refname)%00%(upstream:short)%00%(objectname)%00%(upstream:track)%00%(upstream:remotename)%00%(upstream:remoteref) refs/heads/master refs/remotes/master [1ms]
2023-08-14 10:00:32.408 [info] > git status -z -uall [9ms]
2023-08-14 10:00:37.433 [info] > git config --get commit.template [1ms]
2023-08-14 10:00:37.434 [info] No remotes found in the git config file.
2023-08-14 10:00:37.442 [info] > git for-each-ref --format=%(refname)%00%(upstream:short)%00%(objectname)%00%(upstream:track)%00%(upstream:remotename)%00%(upstream:remoteref) refs/heads/master refs/remotes/master [1ms]
2023-08-14 10:00:37.457 [info] > git status -z -uall [10ms]
2023-08-14 10:00:42.477 [info] No remotes found in the git config file.
2023-08-14 10:00:42.477 [info] > git config --get commit.template [3ms]
2023-08-14 10:00:42.478 [info] > git for-each-ref --format=%(refname)%00%(upstream:short)%00%(objectname)%00%(upstream:track)%00%(upstream:remotename)%00%(upstream:remoteref) refs/heads/master refs/remotes/master [1ms]
2023-08-14 10:00:42.488 [info] > git status -z -uall [8ms]
2023-08-14 10:00:47.514 [info] > git config --get commit.template [1ms]
2023-08-14 10:00:47.516 [info] No remotes found in the git config file.
2023-08-14 10:00:47.518 [info] > git for-each-ref --format=%(refname)%00%(upstream:short)%00%(objectname)%00%(upstream:track)%00%(upstream:remotename)%00%(upstream:remoteref) refs/heads/master refs/remotes/master [2ms]
2023-08-14 10:00:47.533 [info] > git status -z -uall [11ms]
2023-08-14 10:00:52.557 [info] No remotes found in the git config file.
2023-08-14 10:00:52.557 [info] > git config --get commit.template [6ms]
2023-08-14 10:00:52.557 [info] > git for-each-ref --format=%(refname)%00%(upstream:short)%00%(objectname)%00%(upstream:track)%00%(upstream:remotename)%00%(upstream:remoteref) refs/heads/master refs/remotes/master [1ms]
2023-08-14 10:00:52.570 [info] > git status -z -uall [9ms]
2023-08-14 10:00:57.591 [info] > git config --get commit.template [4ms]
2023-08-14 10:00:57.591 [info] No remotes found in the git config file.
2023-08-14 10:00:57.591 [info] > git for-each-ref --format=%(refname)%00%(upstream:short)%00%(objectname)%00%(upstream:track)%00%(upstream:remotename)%00%(upstream:remoteref) refs/heads/master refs/remotes/master [1ms]
2023-08-14 10:00:57.601 [info] > git status -z -uall [7ms]
2023-08-14 10:01:00.329 [info] > git ls-files --stage -- /home/training/agus-app/composer.lock [4ms]
2023-08-14 10:01:00.333 [info] > git ls-files --stage -- /home/training/submission [5ms]
2023-08-14 10:01:00.336 [info] > git cat-file -s b1409486bdefe17782f124435209328be8d18643 [3ms]
2023-08-14 10:01:00.338 [info] > git cat-file -s e69de29bb2d1d6434b8b29ae775ad8c2e48c5391 [2ms]
2023-08-14 10:01:00.356 [info] > git show --textconv :agus-app/composer.lock [9ms]
2023-08-14 10:01:00.356 [info] > git show --textconv :submission [5ms]
2023-08-14 10:01:04.375 [info] > git config --get commit.template [1ms]
2023-08-14 10:01:04.377 [info] No remotes found in the git config file.
2023-08-14 10:01:04.378 [info] > git for-each-ref --format=%(refname)%00%(upstream:short)%00%(objectname)%00%(upstream:track)%00%(upstream:remotename)%00%(upstream:remoteref) refs/heads/master refs/remotes/master [1ms]
2023-08-14 10:01:04.388 [info] > git status -z -uall [7ms]
2023-08-14 10:01:09.406 [info] > git config --get commit.template [4ms]
2023-08-14 10:01:09.406 [info] No remotes found in the git config file.
2023-08-14 10:01:09.406 [info] > git for-each-ref --format=%(refname)%00%(upstream:short)%00%(objectname)%00%(upstream:track)%00%(upstream:remotename)%00%(upstream:remoteref) refs/heads/master refs/remotes/master [0ms]
2023-08-14 10:01:09.422 [info] > git status -z -uall [13ms]
2023-08-14 10:01:14.444 [info] No remotes found in the git config file.
2023-08-14 10:01:14.448 [info] > git config --get commit.template [5ms]
2023-08-14 10:01:14.448 [info] > git for-each-ref --format=%(refname)%00%(upstream:short)%00%(objectname)%00%(upstream:track)%00%(upstream:remotename)%00%(upstream:remoteref) refs/heads/master refs/remotes/master [0ms]
2023-08-14 10:01:14.460 [info] > git status -z -uall [9ms]
2023-08-14 10:01:19.483 [info] > git config --get commit.template [3ms]
2023-08-14 10:01:19.483 [info] No remotes found in the git config file.
2023-08-14 10:01:19.484 [info] > git for-each-ref --format=%(refname)%00%(upstream:short)%00%(objectname)%00%(upstream:track)%00%(upstream:remotename)%00%(upstream:remoteref) refs/heads/master refs/remotes/master [1ms]
2023-08-14 10:01:19.494 [info] > git status -z -uall [8ms]
2023-08-14 10:01:26.557 [info] > git config --get commit.template [2ms]
2023-08-14 10:01:26.557 [info] No remotes found in the git config file.
2023-08-14 10:01:26.564 [info] > git for-each-ref --format=%(refname)%00%(upstream:short)%00%(objectname)%00%(upstream:track)%00%(upstream:remotename)%00%(upstream:remoteref) refs/heads/master refs/remotes/master [1ms]
2023-08-14 10:01:26.579 [info] > git status -z -uall [12ms]
2023-08-14 10:01:31.602 [info] No remotes found in the git config file.
2023-08-14 10:01:31.603 [info] > git config --get commit.template [4ms]
2023-08-14 10:01:31.603 [info] > git for-each-ref --format=%(refname)%00%(upstream:short)%00%(objectname)%00%(upstream:track)%00%(upstream:remotename)%00%(upstream:remoteref) refs/heads/master refs/remotes/master [1ms]
2023-08-14 10:01:31.614 [info] > git status -z -uall [9ms]
2023-08-14 10:01:36.633 [info] No remotes found in the git config file.
2023-08-14 10:01:36.633 [info] > git config --get commit.template [3ms]
2023-08-14 10:01:36.633 [info] > git for-each-ref --format=%(refname)%00%(upstream:short)%00%(objectname)%00%(upstream:track)%00%(upstream:remotename)%00%(upstream:remoteref) refs/heads/master refs/remotes/master [0ms]
2023-08-14 10:01:36.644 [info] > git status -z -uall [8ms]
2023-08-14 10:01:41.054 [info] > git ls-files --stage -- /home/training/agus-app/composer.lock [3ms]
2023-08-14 10:01:41.057 [info] > git ls-files --stage -- /home/training/submission [4ms]
2023-08-14 10:01:41.060 [info] > git cat-file -s b1409486bdefe17782f124435209328be8d18643 [3ms]
2023-08-14 10:01:41.061 [info] > git cat-file -s e69de29bb2d1d6434b8b29ae775ad8c2e48c5391 [1ms]
2023-08-14 10:01:41.071 [info] > git show --textconv :agus-app/composer.lock [4ms]
2023-08-14 10:01:41.072 [info] > git show --textconv :submission [2ms]
2023-08-14 10:01:41.663 [info] No remotes found in the git config file.
2023-08-14 10:01:41.664 [info] > git config --get commit.template [3ms]
2023-08-14 10:01:41.664 [info] > git for-each-ref --format=%(refname)%00%(upstream:short)%00%(objectname)%00%(upstream:track)%00%(upstream:remotename)%00%(upstream:remoteref) refs/heads/master refs/remotes/master [1ms]
2023-08-14 10:01:41.675 [info] > git status -z -uall [8ms]
2023-08-14 10:01:45.470 [info] > git config --get commit.template [4ms]
2023-08-14 10:01:45.470 [info] > git for-each-ref --format %(refname) %(objectname) %(*objectname) refs/tags [0ms]
2023-08-14 10:01:45.474 [info] > git status -z -uall [1ms]
2023-08-14 10:01:45.574 [info] > git ls-files --stage -- /home/training/agus-app/composer.lock [4ms]
2023-08-14 10:01:45.578 [info] > git ls-files --stage -- /home/training/submission [4ms]
2023-08-14 10:01:45.580 [info] > git cat-file -s b1409486bdefe17782f124435209328be8d18643 [3ms]
2023-08-14 10:01:45.581 [info] > git cat-file -s e69de29bb2d1d6434b8b29ae775ad8c2e48c5391 [1ms]
2023-08-14 10:01:45.590 [info] > git show --textconv :agus-app/composer.lock [3ms]
2023-08-14 10:01:45.591 [info] > git show --textconv :submission [2ms]
2023-08-14 10:01:46.692 [info] > git config --get commit.template [0ms]
2023-08-14 10:01:46.695 [info] No remotes found in the git config file.
2023-08-14 10:01:46.695 [info] > git for-each-ref --format=%(refname)%00%(upstream:short)%00%(objectname)%00%(upstream:track)%00%(upstream:remotename)%00%(upstream:remoteref) refs/heads/master refs/remotes/master [0ms]
2023-08-14 10:01:46.705 [info] > git status -z -uall [7ms]
2023-08-14 10:01:51.725 [info] No remotes found in the git config file.
2023-08-14 10:01:51.725 [info] > git config --get commit.template [3ms]
2023-08-14 10:01:51.725 [info] > git for-each-ref --format=%(refname)%00%(upstream:short)%00%(objectname)%00%(upstream:track)%00%(upstream:remotename)%00%(upstream:remoteref) refs/heads/master refs/remotes/master [1ms]
2023-08-14 10:01:51.735 [info] > git status -z -uall [8ms]
2023-08-14 10:01:56.756 [info] No remotes found in the git config file.
2023-08-14 10:01:56.757 [info] > git config --get commit.template [1ms]
2023-08-14 10:01:56.761 [info] > git for-each-ref --format=%(refname)%00%(upstream:short)%00%(objectname)%00%(upstream:track)%00%(upstream:remotename)%00%(upstream:remoteref) refs/heads/master refs/remotes/master [1ms]
2023-08-14 10:01:56.772 [info] > git status -z -uall [7ms]
